  File "manage.py", line 17
    ) from exc
         ^
SyntaxError: invalid syntax
  File "manage.py", line 17
    ) from exc
         ^
SyntaxError: invalid syntax
  File "manage.py", line 17
    ) from exc
         ^
SyntaxError: invalid syntax
Watching for file changes with StatReloader
[2022-03-23 01:15:50,852] INFO: django.utils.autoreload.Watching for file changes with StatReloader
[23/Mar/2022 01:15:56] "POST /create_user/ HTTP/1.1" 302 0
[23/Mar/2022 01:16:02] "POST /create_user_form/ HTTP/1.1" 302 0
/Users/akun/github/django_password_hash/hashhash/views.py changed, reloading.
[2022-03-23 01:16:59,871] INFO: django.utils.autoreload./Users/akun/github/django_password_hash/hashhash/views.py changed, reloading.
Performing system checks...

System check identified no issues (0 silenced).
March 23, 2022 - 01:15:50
Django version 4.0.3, using settings 'settings.settings'
Starting development server at http://0.0.0.0:8000/
Quit the server with CONTROL-C.

From post: asdasdas password
From DB: asdasdas pbkdf2_sha256$320000$ZPVtHiH8orp735gYbwh54N$d/QM06IQNWrST+Q/kTeFYiKteGaolCDm4yNpeABg/w4= 


From post: username None
From DB: username pbkdf2_sha256$320000$zVKnW9r7UnMAqIMoE1cRbK$GHMp6OgUpA9S/or2EvgBWXzjiSOwHwCLqzb5qckDDUo= 

Watching for file changes with StatReloader
[2022-03-23 01:17:00,324] INFO: django.utils.autoreload.Watching for file changes with StatReloader
/Users/akun/github/django_password_hash/hashhash/views.py changed, reloading.
[2022-03-23 01:17:09,623] INFO: django.utils.autoreload./Users/akun/github/django_password_hash/hashhash/views.py changed, reloading.
Performing system checks...

System check identified no issues (0 silenced).
March 23, 2022 - 01:17:00
Django version 4.0.3, using settings 'settings.settings'
Starting development server at http://0.0.0.0:8000/
Quit the server with CONTROL-C.
Watching for file changes with StatReloader
[2022-03-23 01:17:10,057] INFO: django.utils.autoreload.Watching for file changes with StatReloader
Performing system checks...

System check identified no issues (0 silenced).
March 23, 2022 - 01:17:10
Django version 4.0.3, using settings 'settings.settings'
Starting development server at http://0.0.0.0:8000/
Quit the server with CONTROL-C.
